<?xml version="1.0" encoding="UTF-8"?>
<!-- Generated by org.testng.reporters.JUnitXMLReporter -->
<testsuite ignored="0" hostname="Ameet" failures="8" tests="8" name="Test" time="36.393" errors="0" timestamp="2025-01-20T12:57:39 IST">
  <testcase classname="testcases.RestAssured_TestCases_PL1" name="getAllStocksTest" time="0.261">
    <failure type="java.lang.AssertionError" message="getAllStocks must be implemented using Rest Assured methods only. expected [true] but found [false]">
      <![CDATA[java.lang.AssertionError: getAllStocks must be implemented using Rest Assured methods only. expected [true] but found [false]
at testcases.RestAssured_TestCases_PL1.getAllStocksTest(RestAssured_TestCases_PL1.java:34)
at java.base/java.util.concurrent.ThreadPoolExecutor.runWorker(ThreadPoolExecutor.java:1136)
at java.base/java.util.concurrent.ThreadPoolExecutor$Worker.run(ThreadPoolExecutor.java:635)
at java.base/java.lang.Thread.run(Thread.java:833)
... Removed 15 stack frames]]>
    </failure>
  </testcase> <!-- getAllStocksTest -->
  <testcase classname="testcases.RestAssured_TestCases_PL1" name="getMainStoreTest" time="0.045">
    <failure type="java.lang.AssertionError" message="getMainStore must be implemented using Rest Assured methods only. expected [true] but found [false]">
      <![CDATA[java.lang.AssertionError: getMainStore must be implemented using Rest Assured methods only. expected [true] but found [false]
at testcases.RestAssured_TestCases_PL1.getMainStoreTest(RestAssured_TestCases_PL1.java:77)
at java.base/java.util.concurrent.ThreadPoolExecutor.runWorker(ThreadPoolExecutor.java:1136)
at java.base/java.util.concurrent.ThreadPoolExecutor$Worker.run(ThreadPoolExecutor.java:635)
at java.base/java.lang.Thread.run(Thread.java:833)
... Removed 15 stack frames]]>
    </failure>
  </testcase> <!-- getMainStoreTest -->
  <testcase classname="testcases.RestAssured_TestCases_PL1" name="getRequisitionByDateRangeTest" time="0.009">
    <failure type="java.lang.AssertionError" message="getRequisitionByDateRange must be implemented using Rest Assured methods only. expected [true] but found [false]">
      <![CDATA[java.lang.AssertionError: getRequisitionByDateRange must be implemented using Rest Assured methods only. expected [true] but found [false]
at testcases.RestAssured_TestCases_PL1.getRequisitionByDateRangeTest(RestAssured_TestCases_PL1.java:114)
at java.base/java.util.concurrent.ThreadPoolExecutor.runWorker(ThreadPoolExecutor.java:1136)
at java.base/java.util.concurrent.ThreadPoolExecutor$Worker.run(ThreadPoolExecutor.java:635)
at java.base/java.lang.Thread.run(Thread.java:833)
... Removed 15 stack frames]]>
    </failure>
  </testcase> <!-- getRequisitionByDateRangeTest -->
  <testcase classname="testcases.RestAssured_TestCases_PL1" name="getPatientConsumptionsTest" time="0.012">
    <failure type="java.lang.AssertionError" message="getPatientConsumptions must be implemented using Rest Assured methods only. expected [true] but found [false]">
      <![CDATA[java.lang.AssertionError: getPatientConsumptions must be implemented using Rest Assured methods only. expected [true] but found [false]
at testcases.RestAssured_TestCases_PL1.getPatientConsumptionsTest(RestAssured_TestCases_PL1.java:164)
at java.base/java.util.concurrent.ThreadPoolExecutor.runWorker(ThreadPoolExecutor.java:1136)
at java.base/java.util.concurrent.ThreadPoolExecutor$Worker.run(ThreadPoolExecutor.java:635)
at java.base/java.lang.Thread.run(Thread.java:833)
... Removed 15 stack frames]]>
    </failure>
  </testcase> <!-- getPatientConsumptionsTest -->
  <testcase classname="testcases.RestAssured_TestCases_PL1" name="getPatientConsumptionInfoTest" time="0.013">
    <failure type="java.lang.AssertionError" message="getPatientConsumptionInfoByPatientIdAndVisitId must be implemented using Rest Assured methods only. expected [true] but found [false]">
      <![CDATA[java.lang.AssertionError: getPatientConsumptionInfoByPatientIdAndVisitId must be implemented using Rest Assured methods only. expected [true] but found [false]
at testcases.RestAssured_TestCases_PL1.getPatientConsumptionInfoTest(RestAssured_TestCases_PL1.java:214)
at java.base/java.util.concurrent.ThreadPoolExecutor.runWorker(ThreadPoolExecutor.java:1136)
at java.base/java.util.concurrent.ThreadPoolExecutor$Worker.run(ThreadPoolExecutor.java:635)
at java.base/java.lang.Thread.run(Thread.java:833)
... Removed 15 stack frames]]>
    </failure>
  </testcase> <!-- getPatientConsumptionInfoTest -->
  <testcase classname="testcases.RestAssured_TestCases_PL1" name="getBillingSchemeBySchemeIdTest" time="0.017">
    <failure type="java.lang.AssertionError" message="getBillingSchemeBySchemeId method validation failed. expected [true] but found [false]">
      <![CDATA[java.lang.AssertionError: getBillingSchemeBySchemeId method validation failed. expected [true] but found [false]
at testcases.RestAssured_TestCases_PL1.getBillingSchemeBySchemeIdTest(RestAssured_TestCases_PL1.java:249)
at java.base/java.util.concurrent.ThreadPoolExecutor.runWorker(ThreadPoolExecutor.java:1136)
at java.base/java.util.concurrent.ThreadPoolExecutor$Worker.run(ThreadPoolExecutor.java:635)
at java.base/java.lang.Thread.run(Thread.java:833)
... Removed 15 stack frames]]>
    </failure>
  </testcase> <!-- getBillingSchemeBySchemeIdTest -->
  <testcase classname="testcases.RestAssured_TestCases_PL1" name="getBillingSummaryByPatientIdTest" time="0.012">
    <failure type="java.lang.AssertionError" message="getBillingSummaryByPatientId method validation failed. expected [true] but found [false]">
      <![CDATA[java.lang.AssertionError: getBillingSummaryByPatientId method validation failed. expected [true] but found [false]
at testcases.RestAssured_TestCases_PL1.getBillingSummaryByPatientIdTest(RestAssured_TestCases_PL1.java:280)
at java.base/java.util.concurrent.ThreadPoolExecutor.runWorker(ThreadPoolExecutor.java:1136)
at java.base/java.util.concurrent.ThreadPoolExecutor$Worker.run(ThreadPoolExecutor.java:635)
at java.base/java.lang.Thread.run(Thread.java:833)
... Removed 15 stack frames]]>
    </failure>
  </testcase> <!-- getBillingSummaryByPatientIdTest -->
  <testcase classname="testcases.RestAssured_TestCases_PL1" name="getConsumptionsListOfAPatientByIdTest" time="0.01">
    <failure type="java.lang.AssertionError" message="getConsumptionsListOfAPatientById method validation failed. expected [true] but found [false]">
      <![CDATA[java.lang.AssertionError: getConsumptionsListOfAPatientById method validation failed. expected [true] but found [false]
at testcases.RestAssured_TestCases_PL1.getConsumptionsListOfAPatientByIdTest(RestAssured_TestCases_PL1.java:313)
at java.base/java.util.concurrent.ThreadPoolExecutor.runWorker(ThreadPoolExecutor.java:1136)
at java.base/java.util.concurrent.ThreadPoolExecutor$Worker.run(ThreadPoolExecutor.java:635)
at java.base/java.lang.Thread.run(Thread.java:833)
... Removed 15 stack frames]]>
    </failure>
  </testcase> <!-- getConsumptionsListOfAPatientByIdTest -->
</testsuite> <!-- Test -->
